<?xml version="1.0" encoding="UTF-8"?>
<testng-results skipped="0" failed="1" ignored="0" total="6" passed="5">
  <reporter-output>
  </reporter-output>
  <suite name="Default suite" duration-ms="8287" started-at="2018-06-22T11:54:25Z" finished-at="2018-06-22T11:54:34Z">
    <groups>
    </groups>
    <test name="Default test" duration-ms="8287" started-at="2018-06-22T11:54:25Z" finished-at="2018-06-22T11:54:34Z">
      <class name="com.qait.testing.Maven_Tatoc.NewTest">
        <test-method status="PASS" signature="initial()[pri:0, instance:com.qait.testing.Maven_Tatoc.NewTest@13c27452]" name="initial" is-config="true" duration-ms="703" started-at="2018-06-22T11:54:25Z" finished-at="2018-06-22T11:54:26Z">
          <reporter-output>
          </reporter-output>
        </test-method> <!-- initial -->
        <test-method status="PASS" signature="Basic()[pri:1, instance:com.qait.testing.Maven_Tatoc.NewTest@13c27452]" name="Basic" duration-ms="1396" started-at="2018-06-22T11:54:26Z" finished-at="2018-06-22T11:54:27Z">
          <reporter-output>
          </reporter-output>
        </test-method> <!-- Basic -->
        <test-method status="PASS" signature="grid()[pri:2, instance:com.qait.testing.Maven_Tatoc.NewTest@13c27452]" name="grid" duration-ms="182" started-at="2018-06-22T11:54:27Z" finished-at="2018-06-22T11:54:28Z">
          <reporter-output>
          </reporter-output>
        </test-method> <!-- grid -->
        <test-method status="PASS" signature="frame()[pri:3, instance:com.qait.testing.Maven_Tatoc.NewTest@13c27452]" name="frame" duration-ms="5269" started-at="2018-06-22T11:54:28Z" finished-at="2018-06-22T11:54:33Z">
          <reporter-output>
          </reporter-output>
        </test-method> <!-- frame -->
        <test-method status="PASS" signature="Drag()[pri:4, instance:com.qait.testing.Maven_Tatoc.NewTest@13c27452]" name="Drag" duration-ms="241" started-at="2018-06-22T11:54:33Z" finished-at="2018-06-22T11:54:33Z">
          <reporter-output>
          </reporter-output>
        </test-method> <!-- Drag -->
        <test-method status="PASS" signature="popup()[pri:5, instance:com.qait.testing.Maven_Tatoc.NewTest@13c27452]" name="popup" duration-ms="466" started-at="2018-06-22T11:54:33Z" finished-at="2018-06-22T11:54:34Z">
          <reporter-output>
          </reporter-output>
        </test-method> <!-- popup -->
        <test-method status="FAIL" signature="cookie()[pri:6, instance:com.qait.testing.Maven_Tatoc.NewTest@13c27452]" name="cookie" duration-ms="1" started-at="2018-06-22T11:54:34Z" finished-at="2018-06-22T11:54:34Z">
          <exception class="java.lang.Error">
            <message>
              <![CDATA[Unresolved compilation problem: 
The method verify(String) is undefined for the type Cookie
]]>
            </message>
            <full-stacktrace>
              <![CDATA[java.lang.Error: Unresolved compilation problem: 
The method verify(String) is undefined for the type Cookie

at com.qait.testing.Maven_Tatoc.NewTest.cookie(NewTest.java:65)
at sun.reflect.NativeMethodAccessorImpl.invoke0(Native Method)
at sun.reflect.NativeMethodAccessorImpl.invoke(NativeMethodAccessorImpl.java:62)
at sun.reflect.DelegatingMethodAccessorImpl.invoke(DelegatingMethodAccessorImpl.java:43)
at java.lang.reflect.Method.invoke(Method.java:498)
at org.testng.internal.MethodInvocationHelper.invokeMethod(MethodInvocationHelper.java:124)
at org.testng.internal.Invoker.invokeMethod(Invoker.java:580)
at org.testng.internal.Invoker.invokeTestMethod(Invoker.java:716)
at org.testng.internal.Invoker.invokeTestMethods(Invoker.java:988)
at org.testng.internal.TestMethodWorker.invokeTestMethods(TestMethodWorker.java:125)
at org.testng.internal.TestMethodWorker.run(TestMethodWorker.java:109)
at org.testng.TestRunner.privateRun(TestRunner.java:648)
at org.testng.TestRunner.run(TestRunner.java:505)
at org.testng.SuiteRunner.runTest(SuiteRunner.java:455)
at org.testng.SuiteRunner.runSequentially(SuiteRunner.java:450)
at org.testng.SuiteRunner.privateRun(SuiteRunner.java:415)
at org.testng.SuiteRunner.run(SuiteRunner.java:364)
at org.testng.SuiteRunnerWorker.runSuite(SuiteRunnerWorker.java:52)
at org.testng.SuiteRunnerWorker.run(SuiteRunnerWorker.java:84)
at org.testng.TestNG.runSuitesSequentially(TestNG.java:1208)
at org.testng.TestNG.runSuitesLocally(TestNG.java:1137)
at org.testng.TestNG.runSuites(TestNG.java:1049)
at org.testng.TestNG.run(TestNG.java:1017)
at org.testng.remote.AbstractRemoteTestNG.run(AbstractRemoteTestNG.java:114)
at org.testng.remote.RemoteTestNG.initAndRun(RemoteTestNG.java:251)
at org.testng.remote.RemoteTestNG.main(RemoteTestNG.java:77)
]]>
            </full-stacktrace>
          </exception> <!-- java.lang.Error -->
          <reporter-output>
          </reporter-output>
        </test-method> <!-- cookie -->
      </class> <!-- com.qait.testing.Maven_Tatoc.NewTest -->
    </test> <!-- Default test -->
  </suite> <!-- Default suite -->
</testng-results>
